2017/08/03 19:12:55 にビルドを開始しました。
     1>ノード 2 上のプロジェクト "C:\Users\0133752\Documents\Visual Studio 2013\Projects\VehicleModel\VehicleModel\VehicleModel.vcxproj" (Build ターゲット)。
     1>ClCompile:
         C:\Program Files (x86)\Microsoft Visual Studio 12.0\VC\bin\CL.exe /c /IC:\opencv\build\include /ZI /nologo /W3 /WX- /sdl /Od /Oy- /D WIN32 /D _DEBUG /D _CONSOLE /D _LIB /D _UNICODE /D UNICODE /Gm /EHsc /RTC1 /MDd /GS /fp:precise /Zc:wchar_t /Zc:forScope /Fo"Debug\\" /Fd"Debug\vc120.pdb" /Gd /TP /analyze- /errorReport:prompt Source.cpp
         Source.cpp
     1>c:\opencv\build\include\opencv2\core\mat.hpp(1965): warning C4819: ファイルは、現在のコード ページ (932) で表示できない文字を含んでいます。データの損失を防ぐために、ファイルを Unicode 形式で保存してください。
     1>c:\opencv\build\include\opencv2\core\persistence.hpp : warning C4819: ファイルは、現在のコード ページ (932) で表示できない文字を含んでいます。データの損失を防ぐために、ファイルを Unicode 形式で保存してください。
     1>c:\opencv\build\include\opencv2\core\utility.hpp : warning C4819: ファイルは、現在のコード ページ (932) で表示できない文字を含んでいます。データの損失を防ぐために、ファイルを Unicode 形式で保存してください。
     1>c:\users\0133752\documents\visual studio 2013\projects\vehiclemodel\vehiclemodel\source.cpp(76): warning C4244: '=' : 'double' から 'int' への変換です。データが失われる可能性があります。
     1>c:\users\0133752\documents\visual studio 2013\projects\vehiclemodel\vehiclemodel\source.cpp(77): warning C4244: '=' : 'double' から 'int' への変換です。データが失われる可能性があります。
     1>c:\users\0133752\documents\visual studio 2013\projects\vehiclemodel\vehiclemodel\source.cpp(82): warning C4244: '=' : 'double' から 'int' への変換です。データが失われる可能性があります。
     1>c:\users\0133752\documents\visual studio 2013\projects\vehiclemodel\vehiclemodel\source.cpp(83): warning C4244: '=' : 'double' から 'int' への変換です。データが失われる可能性があります。
     1>c:\users\0133752\documents\visual studio 2013\projects\vehiclemodel\vehiclemodel\source.cpp(99): warning C4244: '=' : 'double' から 'uchar' への変換です。データが失われる可能性があります。
     1>c:\users\0133752\documents\visual studio 2013\projects\vehiclemodel\vehiclemodel\source.cpp(100): warning C4244: '引数' : 'double' から 'int' への変換です。データが失われる可能性があります。
     1>c:\users\0133752\documents\visual studio 2013\projects\vehiclemodel\vehiclemodel\source.cpp(100): warning C4244: '=' : 'double' から 'uchar' への変換です。データが失われる可能性があります。
     1>c:\users\0133752\documents\visual studio 2013\projects\vehiclemodel\vehiclemodel\source.cpp(101): warning C4244: '引数' : 'double' から 'int' への変換です。データが失われる可能性があります。
     1>c:\users\0133752\documents\visual studio 2013\projects\vehiclemodel\vehiclemodel\source.cpp(101): warning C4244: '=' : 'double' から 'uchar' への変換です。データが失われる可能性があります。
     1>c:\users\0133752\documents\visual studio 2013\projects\vehiclemodel\vehiclemodel\source.cpp(102): warning C4244: '引数' : 'double' から 'int' への変換です。データが失われる可能性があります。
     1>c:\users\0133752\documents\visual studio 2013\projects\vehiclemodel\vehiclemodel\source.cpp(102): warning C4244: '=' : 'double' から 'uchar' への変換です。データが失われる可能性があります。
     1>c:\users\0133752\documents\visual studio 2013\projects\vehiclemodel\vehiclemodel\source.cpp(103): warning C4244: '引数' : 'double' から 'int' への変換です。データが失われる可能性があります。
     1>c:\users\0133752\documents\visual studio 2013\projects\vehiclemodel\vehiclemodel\source.cpp(103): warning C4244: '=' : 'double' から 'uchar' への変換です。データが失われる可能性があります。
     1>c:\users\0133752\documents\visual studio 2013\projects\vehiclemodel\vehiclemodel\source.cpp(104): warning C4244: '引数' : 'double' から 'int' への変換です。データが失われる可能性があります。
     1>c:\users\0133752\documents\visual studio 2013\projects\vehiclemodel\vehiclemodel\source.cpp(104): warning C4244: '=' : 'double' から 'uchar' への変換です。データが失われる可能性があります。
     1>c:\users\0133752\documents\visual studio 2013\projects\vehiclemodel\vehiclemodel\source.cpp(105): warning C4244: '引数' : 'double' から 'int' への変換です。データが失われる可能性があります。
     1>c:\users\0133752\documents\visual studio 2013\projects\vehiclemodel\vehiclemodel\source.cpp(105): warning C4244: '=' : 'double' から 'uchar' への変換です。データが失われる可能性があります。
     1>c:\users\0133752\documents\visual studio 2013\projects\vehiclemodel\vehiclemodel\source.cpp(106): warning C4244: '引数' : 'double' から 'int' への変換です。データが失われる可能性があります。
     1>c:\users\0133752\documents\visual studio 2013\projects\vehiclemodel\vehiclemodel\source.cpp(106): warning C4244: '=' : 'double' から 'uchar' への変換です。データが失われる可能性があります。
     1>c:\users\0133752\documents\visual studio 2013\projects\vehiclemodel\vehiclemodel\source.cpp(107): warning C4244: '引数' : 'double' から 'int' への変換です。データが失われる可能性があります。
     1>c:\users\0133752\documents\visual studio 2013\projects\vehiclemodel\vehiclemodel\source.cpp(107): warning C4244: '=' : 'double' から 'uchar' への変換です。データが失われる可能性があります。
     1>c:\users\0133752\documents\visual studio 2013\projects\vehiclemodel\vehiclemodel\source.cpp(130): warning C4244: '引数' : 'double' から 'int' への変換です。データが失われる可能性があります。
     1>c:\users\0133752\documents\visual studio 2013\projects\vehiclemodel\vehiclemodel\source.cpp(131): warning C4244: '=' : 'double' から 'int' への変換です。データが失われる可能性があります。
     1>c:\users\0133752\documents\visual studio 2013\projects\vehiclemodel\vehiclemodel\source.cpp(259): warning C4244: '引数' : 'double' から 'int' への変換です。データが失われる可能性があります。
     1>c:\users\0133752\documents\visual studio 2013\projects\vehiclemodel\vehiclemodel\source.cpp(265): warning C4244: '引数' : 'double' から 'int' への変換です。データが失われる可能性があります。
     1>c:\users\0133752\documents\visual studio 2013\projects\vehiclemodel\vehiclemodel\source.cpp(270): warning C4018: '<' : signed と unsigned の数値を比較しようとしました。
     1>c:\users\0133752\documents\visual studio 2013\projects\vehiclemodel\vehiclemodel\source.cpp(271): warning C4244: '引数' : 'double' から 'int' への変換です。データが失われる可能性があります。
     1>c:\users\0133752\documents\visual studio 2013\projects\vehiclemodel\vehiclemodel\source.cpp(275): warning C4018: '<' : signed と unsigned の数値を比較しようとしました。
     1>c:\users\0133752\documents\visual studio 2013\projects\vehiclemodel\vehiclemodel\source.cpp(276): warning C4244: '引数' : 'double' から 'int' への変換です。データが失われる可能性があります。
     1>c:\users\0133752\documents\visual studio 2013\projects\vehiclemodel\vehiclemodel\source.cpp(283): warning C4244: '引数' : 'double' から 'int' への変換です。データが失われる可能性があります。
     1>c:\users\0133752\documents\visual studio 2013\projects\vehiclemodel\vehiclemodel\source.cpp(325): warning C4244: '引数' : 'double' から 'int' への変換です。データが失われる可能性があります。
     1>c:\users\0133752\documents\visual studio 2013\projects\vehiclemodel\vehiclemodel\source.cpp(326): warning C4244: '引数' : 'double' から 'int' への変換です。データが失われる可能性があります。
     1>c:\users\0133752\documents\visual studio 2013\projects\vehiclemodel\vehiclemodel\source.cpp(397): warning C4244: '引数' : 'double' から 'int' への変換です。データが失われる可能性があります。
       Link:
         C:\Program Files (x86)\Microsoft Visual Studio 12.0\VC\bin\link.exe /ERRORREPORT:PROMPT /OUT:"C:\Users\0133752\Documents\Visual Studio 2013\Projects\VehicleModel\Debug\VehicleModel.exe" /INCREMENTAL /NOLOGO kernel32.lib user32.lib gdi32.lib winspool.lib comdlg32.lib advapi32.lib shell32.lib ole32.lib oleaut32.lib uuid.lib odbc32.lib odbccp32.lib /MANIFEST /MANIFESTUAC:"level='asInvoker' uiAccess='false'" /manifest:embed /DEBUG /PDB:"C:\Users\0133752\Documents\Visual Studio 2013\Projects\VehicleModel\Debug\VehicleModel.pdb" /SUBSYSTEM:CONSOLE /TLBID:1 /DYNAMICBASE /NXCOMPAT /IMPLIB:"C:\Users\0133752\Documents\Visual Studio 2013\Projects\VehicleModel\Debug\VehicleModel.lib" /MACHINE:X86 Debug\Source.obj
         VehicleModel.vcxproj -> C:\Users\0133752\Documents\Visual Studio 2013\Projects\VehicleModel\Debug\VehicleModel.exe
     1>プロジェクト "C:\Users\0133752\Documents\Visual Studio 2013\Projects\VehicleModel\VehicleModel\VehicleModel.vcxproj" (Build ターゲット) のビルドが完了しました。

ビルドに成功しました。

経過時間 00:00:02.75
